<?xml version="1.0" encoding="UTF-8"?>
<coverage generated="1742863472177" clover="3.2.0">
  <project timestamp="1742863472177" name="All files">
    <metrics statements="12" coveredstatements="12" conditionals="3" coveredconditionals="2" methods="2" coveredmethods="2" elements="17" coveredelements="16" complexity="0" loc="12" ncloc="12" packages="1" files="1" classes="1"/>
    <file name="create-react-meta-component.tsx" path="/home/shadowrunner/personal/dyestheticsLab/packages/react-component-creators/src/create-react-meta-component.tsx">
      <metrics statements="12" coveredstatements="12" conditionals="3" coveredconditionals="2" methods="2" coveredmethods="2"/>
      <line num="6" count="1" type="cond" truecount="1" falsecount="0"/>
      <line num="9" count="1" type="stmt"/>
      <line num="10" count="1" type="stmt"/>
      <line num="11" count="1" type="stmt"/>
      <line num="15" count="1" type="stmt"/>
      <line num="16" count="1" type="cond" truecount="1" falsecount="0"/>
      <line num="17" count="3" type="stmt"/>
      <line num="19" count="3" type="stmt"/>
      <line num="20" count="3" type="cond" truecount="0" falsecount="1"/>
      <line num="22" count="3" type="stmt"/>
      <line num="23" count="3" type="stmt"/>
      <line num="24" count="1" type="stmt"/>
    </file>
  </project>
</coverage>
