{"/home/shadowrunner/personal/dyestheticsLab/packages/react-component-creators/src/create-react-meta-component.tsx": {"path":"/home/shadowrunner/personal/dyestheticsLab/packages/react-component-creators/src/create-react-meta-component.tsx","all":false,"statementMap":{"5":{"start":{"line":6,"column":0},"end":{"line":6,"column":41}},"8":{"start":{"line":9,"column":0},"end":{"line":9,"column":3}},"9":{"start":{"line":10,"column":0},"end":{"line":10,"column":17}},"10":{"start":{"line":11,"column":0},"end":{"line":11,"column":20}},"14":{"start":{"line":15,"column":0},"end":{"line":15,"column":4}},"15":{"start":{"line":16,"column":0},"end":{"line":16,"column":68}},"16":{"start":{"line":17,"column":0},"end":{"line":17,"column":68}},"18":{"start":{"line":19,"column":0},"end":{"line":19,"column":39}},"19":{"start":{"line":20,"column":0},"end":{"line":20,"column":73}},"21":{"start":{"line":22,"column":0},"end":{"line":22,"column":40}},"22":{"start":{"line":23,"column":0},"end":{"line":23,"column":4}},"23":{"start":{"line":24,"column":0},"end":{"line":24,"column":1}}},"s":{"5":1,"8":1,"9":1,"10":1,"14":1,"15":1,"16":3,"18":3,"19":3,"21":3,"22":3,"23":1},"branchMap":{"0":{"type":"branch","line":6,"loc":{"start":{"line":6,"column":7},"end":{"line":24,"column":1}},"locations":[{"start":{"line":6,"column":7},"end":{"line":24,"column":1}}]},"1":{"type":"branch","line":16,"loc":{"start":{"line":16,"column":9},"end":{"line":23,"column":4}},"locations":[{"start":{"line":16,"column":9},"end":{"line":23,"column":4}}]},"2":{"type":"branch","line":20,"loc":{"start":{"line":20,"column":22},"end":{"line":20,"column":52}},"locations":[{"start":{"line":20,"column":22},"end":{"line":20,"column":52}}]}},"b":{"0":[1],"1":[3],"2":[0]},"fnMap":{"0":{"name":"createReactMetaComponent","decl":{"start":{"line":6,"column":7},"end":{"line":24,"column":1}},"loc":{"start":{"line":6,"column":7},"end":{"line":24,"column":1}},"line":6},"1":{"name":"Component","decl":{"start":{"line":16,"column":9},"end":{"line":23,"column":4}},"loc":{"start":{"line":16,"column":9},"end":{"line":23,"column":4}},"line":16}},"f":{"0":1,"1":3}}
}
